0 info it worked if it ends with ok
1 verbose cli [ '/Users/Boue/.nvm/versions/node/v5.10.1/bin/node',
1 verbose cli   '/Users/Boue/.nvm/versions/node/v5.10.1/bin/npm',
1 verbose cli   'i',
1 verbose cli   '-S',
1 verbose cli   '[dependencies]' ]
2 info using npm@3.8.3
3 info using node@v5.10.1
4 silly loadCurrentTree Starting
5 silly install loadCurrentTree
6 silly install readLocalPackageData
7 silly fetchPackageMetaData [dependencies]
8 silly fetchOtherPackageData [dependencies]
9 silly cache add args [ '[dependencies]', null ]
10 verbose cache add spec [dependencies]
11 silly cache add parsed spec Result {
11 silly cache add   raw: '[dependencies]',
11 silly cache add   scope: null,
11 silly cache add   name: null,
11 silly cache add   rawSpec: '[dependencies]',
11 silly cache add   spec: '/Users/Boue/yelp/[dependencies]',
11 silly cache add   type: 'local' }
12 error addLocal Could not install /Users/Boue/yelp/[dependencies]
13 silly fetchPackageMetaData Error: ENOENT: no such file or directory, open '/Users/Boue/yelp/[dependencies]'
13 silly fetchPackageMetaData     at Error (native)
13 silly fetchPackageMetaData  error for [dependencies] { [Error: ENOENT: no such file or directory, open '/Users/Boue/yelp/[dependencies]']
13 silly fetchPackageMetaData   errno: -2,
13 silly fetchPackageMetaData   code: 'ENOENT',
13 silly fetchPackageMetaData   syscall: 'open',
13 silly fetchPackageMetaData   path: '/Users/Boue/yelp/[dependencies]' }
14 silly rollbackFailedOptional Starting
15 silly rollbackFailedOptional Finishing
16 silly runTopLevelLifecycles Starting
17 silly runTopLevelLifecycles Finishing
18 silly install printInstalled
19 verbose stack Error: ENOENT: no such file or directory, open '/Users/Boue/yelp/[dependencies]'
19 verbose stack     at Error (native)
20 verbose cwd /Users/Boue/yelp
21 error Darwin 14.5.0
22 error argv "/Users/Boue/.nvm/versions/node/v5.10.1/bin/node" "/Users/Boue/.nvm/versions/node/v5.10.1/bin/npm" "i" "-S" "[dependencies]"
23 error node v5.10.1
24 error npm  v3.8.3
25 error path /Users/Boue/yelp/[dependencies]
26 error code ENOENT
27 error errno -2
28 error syscall open
29 error enoent ENOENT: no such file or directory, open '/Users/Boue/yelp/[dependencies]'
30 error enoent ENOENT: no such file or directory, open '/Users/Boue/yelp/[dependencies]'
30 error enoent This is most likely not a problem with npm itself
30 error enoent and is related to npm not being able to find a file.
31 verbose exit [ -2, true ]
